This is pdfTeX, Version 3.141592653-2.6-1.40.27 (TeX Live 2026/dev/Arch Linux) (preloaded format=pdflatex 2025.11.10)  2 DEC 2025 15:56
entering extended mode
 restricted \write18 enabled.
 file:line:error style messages enabled.
 %&-line parsing enabled.
**/home/anodyine/projects/pixelprose-internvl3/report.tex
(/home/anodyine/projects/pixelprose-internvl3/report.tex
LaTeX2e <2024-11-01> patch level 2
L3 programming layer <2025-01-18>
(/usr/share/texmf-dist/tex/latex/base/article.cls
Document Class: article 2024/06/29 v1.4n Standard LaTeX document class
(/usr/share/texmf-dist/tex/latex/base/size10.clo
File: size10.clo 2024/06/29 v1.4n Standard LaTeX file (size option)
)
\c@part=\count196
\c@section=\count197
\c@subsection=\count198
\c@subsubsection=\count199
\c@paragraph=\count266
\c@subparagraph=\count267
\c@figure=\count268
\c@table=\count269
\abovecaptionskip=\skip49
\belowcaptionskip=\skip50
\bibindent=\dimen141
) (/usr/share/texmf-dist/tex/latex/geometry/geometry.sty
Package: geometry 2020/01/02 v5.9 Page Geometry
 (/usr/share/texmf-dist/tex/latex/graphics/keyval.sty
Package: keyval 2022/05/29 v1.15 key=value parser (DPC)
\KV@toks@=\toks17
) (/usr/share/texmf-dist/tex/generic/iftex/ifvtex.sty
Package: ifvtex 2019/10/25 v1.7 ifvtex legacy package. Use iftex instead.
 (/usr/share/texmf-dist/tex/generic/iftex/iftex.sty
Package: iftex 2024/12/12 v1.0g TeX engine tests
))
\Gm@cnth=\count270
\Gm@cntv=\count271
\c@Gm@tempcnt=\count272
\Gm@bindingoffset=\dimen142
\Gm@wd@mp=\dimen143
\Gm@odd@mp=\dimen144
\Gm@even@mp=\dimen145
\Gm@layoutwidth=\dimen146
\Gm@layoutheight=\dimen147
\Gm@layouthoffset=\dimen148
\Gm@layoutvoffset=\dimen149
\Gm@dimlist=\toks18
) (/usr/share/texmf-dist/tex/latex/graphics/graphicx.sty
Package: graphicx 2021/09/16 v1.2d Enhanced LaTeX Graphics (DPC,SPQR)
 (/usr/share/texmf-dist/tex/latex/graphics/graphics.sty
Package: graphics 2024/08/06 v1.4g Standard LaTeX Graphics (DPC,SPQR)
 (/usr/share/texmf-dist/tex/latex/graphics/trig.sty
Package: trig 2023/12/02 v1.11 sin cos tan (DPC)
) (/usr/share/texmf-dist/tex/latex/graphics-cfg/graphics.cfg
File: graphics.cfg 2016/06/04 v1.11 sample graphics configuration
)
Package graphics Info: Driver file: pdftex.def on input line 106.
 (/usr/share/texmf-dist/tex/latex/graphics-def/pdftex.def
File: pdftex.def 2024/04/13 v1.2c Graphics/color driver for pdftex
))
\Gin@req@height=\dimen150
\Gin@req@width=\dimen151
) (/usr/share/texmf-dist/tex/latex/amsmath/amsmath.sty
Package: amsmath 2024/11/05 v2.17t AMS math features
\@mathmargin=\skip51

For additional information on amsmath, use the `?' option.
(/usr/share/texmf-dist/tex/latex/amsmath/amstext.sty
Package: amstext 2021/08/26 v2.01 AMS text
 (/usr/share/texmf-dist/tex/latex/amsmath/amsgen.sty
File: amsgen.sty 1999/11/30 v2.0 generic functions
\@emptytoks=\toks19
\ex@=\dimen152
)) (/usr/share/texmf-dist/tex/latex/amsmath/amsbsy.sty
Package: amsbsy 1999/11/29 v1.2d Bold Symbols
\pmbraise@=\dimen153
) (/usr/share/texmf-dist/tex/latex/amsmath/amsopn.sty
Package: amsopn 2022/04/08 v2.04 operator names
)
\inf@bad=\count273
LaTeX Info: Redefining \frac on input line 233.
\uproot@=\count274
\leftroot@=\count275
LaTeX Info: Redefining \overline on input line 398.
LaTeX Info: Redefining \colon on input line 409.
\classnum@=\count276
\DOTSCASE@=\count277
LaTeX Info: Redefining \ldots on input line 495.
LaTeX Info: Redefining \dots on input line 498.
LaTeX Info: Redefining \cdots on input line 619.
\Mathstrutbox@=\box52
\strutbox@=\box53
LaTeX Info: Redefining \big on input line 721.
LaTeX Info: Redefining \Big on input line 722.
LaTeX Info: Redefining \bigg on input line 723.
LaTeX Info: Redefining \Bigg on input line 724.
\big@size=\dimen154
LaTeX Font Info:    Redeclaring font encoding OML on input line 742.
LaTeX Font Info:    Redeclaring font encoding OMS on input line 743.
\macc@depth=\count278
LaTeX Info: Redefining \bmod on input line 904.
LaTeX Info: Redefining \pmod on input line 909.
LaTeX Info: Redefining \smash on input line 939.
LaTeX Info: Redefining \relbar on input line 969.
LaTeX Info: Redefining \Relbar on input line 970.
\c@MaxMatrixCols=\count279
\dotsspace@=\muskip17
\c@parentequation=\count280
\dspbrk@lvl=\count281
\tag@help=\toks20
\row@=\count282
\column@=\count283
\maxfields@=\count284
\andhelp@=\toks21
\eqnshift@=\dimen155
\alignsep@=\dimen156
\tagshift@=\dimen157
\tagwidth@=\dimen158
\totwidth@=\dimen159
\lineht@=\dimen160
\@envbody=\toks22
\multlinegap=\skip52
\multlinetaggap=\skip53
\mathdisplay@stack=\toks23
LaTeX Info: Redefining \[ on input line 2953.
LaTeX Info: Redefining \] on input line 2954.
) (/usr/share/texmf-dist/tex/latex/booktabs/booktabs.sty
Package: booktabs 2020/01/12 v1.61803398 Publication quality tables
\heavyrulewidth=\dimen161
\lightrulewidth=\dimen162
\cmidrulewidth=\dimen163
\belowrulesep=\dimen164
\belowbottomsep=\dimen165
\aboverulesep=\dimen166
\abovetopsep=\dimen167
\cmidrulesep=\dimen168
\cmidrulekern=\dimen169
\defaultaddspace=\dimen170
\@cmidla=\count285
\@cmidlb=\count286
\@aboverulesep=\dimen171
\@belowrulesep=\dimen172
\@thisruleclass=\count287
\@lastruleclass=\count288
\@thisrulewidth=\dimen173
) (/usr/share/texmf-dist/tex/latex/multirow/multirow.sty
Package: multirow 2024/11/12 v2.9 Span multiple rows of a table
\multirow@colwidth=\skip54
\multirow@cntb=\count289
\multirow@dima=\skip55
\bigstrutjot=\dimen174
) (/usr/share/texmf-dist/tex/latex/caption/caption.sty
Package: caption 2023/08/05 v3.6o Customizing captions (AR)
 (/usr/share/texmf-dist/tex/latex/caption/caption3.sty
Package: caption3 2023/07/31 v2.4d caption3 kernel (AR)
\caption@tempdima=\dimen175
\captionmargin=\dimen176
\caption@leftmargin=\dimen177
\caption@rightmargin=\dimen178
\caption@width=\dimen179
\caption@indent=\dimen180
\caption@parindent=\dimen181
\caption@hangindent=\dimen182
Package caption Info: Standard document class detected.
)
\c@caption@flags=\count290
\c@continuedfloat=\count291
) (/usr/share/texmf-dist/tex/latex/caption/subcaption.sty
Package: subcaption 2023/07/28 v1.6b Sub-captions (AR)
Package caption Info: New subtype `subfigure' on input line 238.
\c@subfigure=\count292
Package caption Info: New subtype `subtable' on input line 238.
\c@subtable=\count293
) (/usr/share/texmf-dist/tex/latex/minted/minted.sty
Package: minted 2025/03/06 v3.6.0 Yet another Pygments shim for LaTeX
 (/usr/share/texmf-dist/tex/generic/catchfile/catchfile.sty
Package: catchfile 2019/12/09 v1.8 Catch the contents of a file (HO)
 (/usr/share/texmf-dist/tex/generic/infwarerr/infwarerr.sty
Package: infwarerr 2019/12/03 v1.5 Providing info/warning/error messages (HO)
) (/usr/share/texmf-dist/tex/generic/ltxcmds/ltxcmds.sty
Package: ltxcmds 2023-12-04 v1.26 LaTeX kernel commands for general use (HO)
) (/usr/share/texmf-dist/tex/generic/etexcmds/etexcmds.sty
Package: etexcmds 2019/12/15 v1.7 Avoid name clashes with e-TeX commands (HO)
)) (/usr/share/texmf-dist/tex/latex/etoolbox/etoolbox.sty
Package: etoolbox 2025/02/11 v2.5l e-TeX tools for LaTeX (JAW)
\etb@tempcnta=\count294
) (/usr/share/texmf-dist/tex/latex/fvextra/fvextra.sty
Package: fvextra 2025/03/04 v1.12.0 fvextra - extensions and patches for fancyvrb
 (/usr/share/texmf-dist/tex/latex/fancyvrb/fancyvrb.sty
Package: fancyvrb 2024/01/20 4.5c verbatim text (tvz,hv)
\FV@CodeLineNo=\count295
\FV@InFile=\read2
\FV@TabBox=\box54
\c@FancyVerbLine=\count296
\FV@StepNumber=\count297
\FV@OutFile=\write3
) (/usr/share/texmf-dist/tex/generic/pdftexcmds/pdftexcmds.sty
Package: pdftexcmds 2020-06-27 v0.33 Utility functions of pdfTeX for LuaTeX (HO)
Package pdftexcmds Info: \pdf@primitive is available.
Package pdftexcmds Info: \pdf@ifprimitive is available.
Package pdftexcmds Info: \pdfdraftmode found.
) (/usr/share/texmf-dist/tex/latex/upquote/upquote.sty
Package: upquote 2012/04/19 v1.3 upright-quote and grave-accent glyphs in verbatim
) (/usr/share/texmf-dist/tex/latex/lineno/lineno.sty
Package: lineno 2025/01/29 line numbers on paragraphs v5.4
 (/usr/share/texmf-dist/tex/latex/kvoptions/kvoptions.sty
Package: kvoptions 2022-06-15 v3.15 Key value format for package options (HO)
 (/usr/share/texmf-dist/tex/latex/kvsetkeys/kvsetkeys.sty
Package: kvsetkeys 2022-10-05 v1.19 Key value parser (HO)
))
\linenopenalty=\count298
\output=\toks24
\linenoprevgraf=\count299
\linenumbersep=\dimen183
\linenumberwidth=\dimen184
\c@linenumber=\count300
\c@pagewiselinenumber=\count301
\c@LN@truepage=\count302
\c@internallinenumber=\count303
\c@internallinenumbers=\count304
\quotelinenumbersep=\dimen185
\bframerule=\dimen186
\bframesep=\dimen187
\bframebox=\box55
\@LN@amsmath@ams@eqpen=\count305
LaTeX Info: Redefining \\ on input line 3187.
)
\c@FancyVerbWriteLine=\count306
\c@FancyVerbBufferLine=\count307
\c@FV@TrueTabGroupLevel=\count308
\c@FV@TrueTabCounter=\count309
\FV@TabBox@Group=\box56
\FV@bgcolorstructbox=\box57
\FV@TmpLength=\skip56
\c@FV@HighlightLinesStart=\count310
\c@FV@HighlightLinesStop=\count311
\FV@LoopCount=\count312
\FV@NCharsBox=\box58
\FV@BreakIndent=\dimen188
\FV@BreakIndentNChars=\count313
\FV@BreakSymbolSepLeft=\dimen189
\FV@BreakSymbolSepLeftNChars=\count314
\FV@BreakSymbolSepRight=\dimen190
\FV@BreakSymbolSepRightNChars=\count315
\FV@BreakSymbolIndentLeft=\dimen191
\FV@BreakSymbolIndentLeftNChars=\count316
\FV@BreakSymbolIndentRight=\dimen192
\FV@BreakSymbolIndentRightNChars=\count317
\c@FancyVerbLineBreakLast=\count318
\FV@LineBox=\box59
\FV@LineIndentBox=\box60
\c@FV@BreakBufferDepth=\count319
\FV@LineWidth=\dimen193
) (/usr/share/texmf-dist/tex/latex/latex2pydata/latex2pydata.sty
Package: latex2pydata 2025/03/03 v0.5.0 latex2pydata - write data to file in Python literal format
) (/usr/share/texmf-dist/tex/latex/pgf/utilities/pgfkeys.sty (/usr/share/texmf-dist/tex/generic/pgf/utilities/pgfkeys.code.tex
\pgfkeys@pathtoks=\toks25
\pgfkeys@temptoks=\toks26
 (/usr/share/texmf-dist/tex/generic/pgf/utilities/pgfkeyslibraryfiltered.code.tex
\pgfkeys@tmptoks=\toks27
))) (/usr/share/texmf-dist/tex/latex/pgfopts/pgfopts.sty
Package: pgfopts 2014/07/10 v2.1a LaTeX package options with pgfkeys
\pgfopts@list@add@a@toks=\toks28
\pgfopts@list@add@b@toks=\toks29
) (/usr/share/texmf-dist/tex/latex/tools/shellesc.sty
Package: shellesc 2023/07/08 v1.0d unified shell escape interface for LaTeX
Package shellesc Info: Restricted shell escape enabled on input line 77.
) (/usr/share/texmf-dist/tex/latex/float/float.sty
Package: float 2001/11/08 v1.3d Float enhancements (AL)
\c@float@type=\count320
\float@exts=\toks30
\float@box=\box61
\@float@everytoks=\toks31
\@floatcapt=\box62
)
\c@minted@FancyVerbLineTemp=\count321
\@float@every@listing=\toks32
\c@listing=\count322
) (/usr/share/texmf-dist/tex/latex/appendix/appendix.sty
Package: appendix 2020/02/08 v1.2c extra appendix facilities
\c@@pps=\count323
\c@@ppsavesec=\count324
\c@@ppsaveapp=\count325
) (/usr/share/texmf-dist/tex/latex/xcolor/xcolor.sty
Package: xcolor 2024/09/29 v3.02 LaTeX color extensions (UK)
 (/usr/share/texmf-dist/tex/latex/graphics-cfg/color.cfg
File: color.cfg 2016/01/02 v1.6 sample color configuration
)
Package xcolor Info: Driver file: pdftex.def on input line 274.
 (/usr/share/texmf-dist/tex/latex/graphics/mathcolor.ltx)
Package xcolor Info: Model `cmy' substituted by `cmy0' on input line 1349.
Package xcolor Info: Model `hsb' substituted by `rgb' on input line 1353.
Package xcolor Info: Model `RGB' extended on input line 1365.
Package xcolor Info: Model `HTML' substituted by `rgb' on input line 1367.
Package xcolor Info: Model `Hsb' substituted by `hsb' on input line 1368.
Package xcolor Info: Model `tHsb' substituted by `hsb' on input line 1369.
Package xcolor Info: Model `HSB' substituted by `hsb' on input line 1370.
Package xcolor Info: Model `Gray' substituted by `gray' on input line 1371.
Package xcolor Info: Model `wave' substituted by `hsb' on input line 1372.
) (/usr/share/texmf-dist/tex/latex/l3backend/l3backend-pdftex.def
File: l3backend-pdftex.def 2024-05-08 L3 backend support: PDF output (pdfTeX)
\l__color_backend_stack_int=\count326
\l__pdf_internal_box=\box63
) (./report.aux)
\openout1 = `report.aux'.

LaTeX Font Info:    Checking defaults for OML/cmm/m/it on input line 22.
LaTeX Font Info:    ... okay on input line 22.
LaTeX Font Info:    Checking defaults for OMS/cmsy/m/n on input line 22.
LaTeX Font Info:    ... okay on input line 22.
LaTeX Font Info:    Checking defaults for OT1/cmr/m/n on input line 22.
LaTeX Font Info:    ... okay on input line 22.
LaTeX Font Info:    Checking defaults for T1/cmr/m/n on input line 22.
LaTeX Font Info:    ... okay on input line 22.
LaTeX Font Info:    Checking defaults for TS1/cmr/m/n on input line 22.
LaTeX Font Info:    ... okay on input line 22.
LaTeX Font Info:    Checking defaults for OMX/cmex/m/n on input line 22.
LaTeX Font Info:    ... okay on input line 22.
LaTeX Font Info:    Checking defaults for U/cmr/m/n on input line 22.
LaTeX Font Info:    ... okay on input line 22.

*geometry* driver: auto-detecting
*geometry* detected driver: pdftex
*geometry* verbose mode - [ preamble ] result:
* driver: pdftex
* paper: <default>
* layout: <same size as paper>
* layoutoffset:(h,v)=(0.0pt,0.0pt)
* modes: 
* h-part:(L,W,R)=(72.26999pt, 469.75502pt, 72.26999pt)
* v-part:(T,H,B)=(72.26999pt, 650.43001pt, 72.26999pt)
* \paperwidth=614.295pt
* \paperheight=794.96999pt
* \textwidth=469.75502pt
* \textheight=650.43001pt
* \oddsidemargin=0.0pt
* \evensidemargin=0.0pt
* \topmargin=-37.0pt
* \headheight=12.0pt
* \headsep=25.0pt
* \topskip=10.0pt
* \footskip=30.0pt
* \marginparwidth=65.0pt
* \marginparsep=11.0pt
* \columnsep=10.0pt
* \skip\footins=9.0pt plus 4.0pt minus 2.0pt
* \hoffset=0.0pt
* \voffset=0.0pt
* \mag=1000
* \@twocolumnfalse
* \@twosidefalse
* \@mparswitchfalse
* \@reversemarginfalse
* (1in=72.27pt=25.4mm, 1cm=28.453pt)

(/usr/share/texmf-dist/tex/context/base/mkii/supp-pdf.mkii
[Loading MPS to PDF converter (version 2006.09.02).]
\scratchcounter=\count327
\scratchdimen=\dimen194
\scratchbox=\box64
\nofMPsegments=\count328
\nofMParguments=\count329
\everyMPshowfont=\toks33
\MPscratchCnt=\count330
\MPscratchDim=\dimen195
\MPnumerator=\count331
\makeMPintoPDFobject=\count332
\everyMPtoPDFconversion=\toks34
) (/usr/share/texmf-dist/tex/latex/epstopdf-pkg/epstopdf-base.sty
Package: epstopdf-base 2020-01-24 v2.11 Base part for package epstopdf
Package epstopdf-base Info: Redefining graphics rule for `.eps' on input line 485.
 (/usr/share/texmf-dist/tex/latex/latexconfig/epstopdf-sys.cfg
File: epstopdf-sys.cfg 2010/07/13 v1.3 Configuration of (r)epstopdf for TeX Live
))
Package caption Info: Begin \AtBeginDocument code.
Package caption Info: float package is loaded.
Package caption Info: End \AtBeginDocument code.


[1

{/var/lib/texmf/fonts/map/pdftex/updmap/pdftex.map}]

[2{/usr/share/texmf-dist/fonts/enc/dvips/cm-super/cm-super-ts1.enc}]
LaTeX Font Info:    Trying to load font information for OMS+cmtt on input line 137.
LaTeX Font Info:    No file OMScmtt.fd. on input line 137.


LaTeX Font Warning: Font shape `OMS/cmtt/m/n' undefined
(Font)              using `OMS/cmsy/m/n' instead
(Font)              for symbol `textbraceleft' on input line 137.


Overfull \hbox (55.18166pt too wide) in paragraph at lines 171--175
\OT1/cmr/m/n/10 LoRA fine-tuning is im-ple-mented in \OT1/cmtt/m/n/10 src/train[]lora.py\OT1/cmr/m/n/10 . The script loads the full \OT1/cmtt/m/n/10 OpenGVLab/InternVL3[]5-2B-Instruct
 []


Overfull \hbox (17.2355pt too wide) in paragraph at lines 186--189
\OT1/cmr/m/n/10 Pix-el-Prose cap-tion. It uses the same de-tailed prompt as the eval-u-a-tion script found in: (\OT1/cmtt/m/n/10 prompts/detailed.txt\OT1/cmr/m/n/10 ): 
 []



[3]
Overfull \hbox (53.9504pt too wide) in paragraph at lines 220--226
[]\OT1/cmr/m/n/10 By de-fault, the adapter weights are saved un-der \OT1/cmtt/m/n/10 checkpoints/internvl3[]5[]2b[]lora[]pixelprose/subset2[]r32[]a64/\OT1/cmr/m/n/10 .
 []


Overfull \hbox (6.71817pt too wide) in paragraph at lines 220--226
\OT1/cmr/m/n/10 (\OT1/cmtt/m/n/10 subset2[]r32[]a64[]train[]size[]20000\OT1/cmr/m/n/10 ). The eval-u-a-tion script \OT1/cmtt/m/n/10 src/eval[]captions.py \OT1/cmr/m/n/10 loads the LoRA adapter
 []


Overfull \hbox (36.60966pt too wide) in paragraph at lines 256--263
\OT1/cmr/m/n/10 are ex-cluded from the eval-u-a-tion pool and ver-ify this with a ded-i-cated script (\OT1/cmtt/m/n/10 scripts/check[]exemplar[]leakage.py\OT1/cmr/m/n/10 ). 
 []



[4]

[5]
<data/pixelprose_subset2/images/000000.jpg, id=31, 602.25pt x 602.25pt>
File: data/pixelprose_subset2/images/000000.jpg Graphic file (type jpg)
<use data/pixelprose_subset2/images/000000.jpg>
Package pdftex.def Info: data/pixelprose_subset2/images/000000.jpg  used on input line 287.
(pdftex.def)             Requested size: 234.8775pt x 234.87654pt.

Underfull \hbox (badness 10000) in paragraph at lines 306--306

 []


Underfull \hbox (badness 10000) in paragraph at lines 306--306

 []



[6 <./data/pixelprose_subset2/images/000000.jpg>]
<data/pixelprose_subset2/images/000001.jpg, id=35, 422.57875pt x 501.875pt>
File: data/pixelprose_subset2/images/000001.jpg Graphic file (type jpg)
<use data/pixelprose_subset2/images/000001.jpg>
Package pdftex.def Info: data/pixelprose_subset2/images/000001.jpg  used on input line 318.
(pdftex.def)             Requested size: 234.8775pt x 278.95744pt.

Underfull \hbox (badness 10000) in paragraph at lines 333--333

 []


Underfull \hbox (badness 10000) in paragraph at lines 333--333

 []



[7 <./data/pixelprose_subset2/images/000001.jpg>]
<data/pixelprose_subset2/images/000002.jpg, id=40, 236.885pt x 165.61874pt>
File: data/pixelprose_subset2/images/000002.jpg Graphic file (type jpg)
<use data/pixelprose_subset2/images/000002.jpg>
Package pdftex.def Info: data/pixelprose_subset2/images/000002.jpg  used on input line 345.
(pdftex.def)             Requested size: 234.8775pt x 164.22083pt.

Underfull \hbox (badness 10000) in paragraph at lines 358--358

 []


Underfull \hbox (badness 10000) in paragraph at lines 358--358

 []



[8 <./data/pixelprose_subset2/images/000002.jpg>]
Overfull \hbox (27.44048pt too wide) in paragraph at lines 367--369
\OT1/cmr/m/n/10 For each con-fig-u-ra-tion, the eval-u-a-tion script runs In-ternVL on up to 500 held-out im-ages from \OT1/cmtt/m/n/10 pixelprose[]subset2\OT1/cmr/m/n/10 ,
 []


Overfull \hbox (35.08293pt too wide) in paragraph at lines 383--386
[]\OT1/cmr/m/n/10 The main sum-mary for sub-set 2 and the PT/FT con-fig-u-ra-tions is stored in \OT1/cmtt/m/n/10 metrics/metrics[]subset2[]PT[]FT.csv\OT1/cmr/m/n/10 .
 []



[9




]
<data/pixelprose_subset2/images/000003.jpg, id=47, 58.2175pt x 64.24pt>
File: data/pixelprose_subset2/images/000003.jpg Graphic file (type jpg)
<use data/pixelprose_subset2/images/000003.jpg>
Package pdftex.def Info: data/pixelprose_subset2/images/000003.jpg  used on input line 486.
(pdftex.def)             Requested size: 187.89914pt x 207.38754pt.

Underfull \hbox (badness 10000) in paragraph at lines 509--509

 []


Underfull \hbox (badness 10000) in paragraph at lines 509--509

 []


Underfull \hbox (badness 10000) in paragraph at lines 509--509

 []


Underfull \hbox (badness 10000) in paragraph at lines 509--509

 []


Underfull \hbox (badness 10000) in paragraph at lines 509--509

 []



[10]

[11 <./data/pixelprose_subset2/images/000003.jpg>]
<data/pixelprose_subset2/images/000004.jpg, id=55, 325.215pt x 325.215pt>
File: data/pixelprose_subset2/images/000004.jpg Graphic file (type jpg)
<use data/pixelprose_subset2/images/000004.jpg>
Package pdftex.def Info: data/pixelprose_subset2/images/000004.jpg  used on input line 521.
(pdftex.def)             Requested size: 187.89914pt x 187.90529pt.

Underfull \hbox (badness 10000) in paragraph at lines 542--542

 []


Underfull \hbox (badness 10000) in paragraph at lines 542--542

 []


Underfull \hbox (badness 10000) in paragraph at lines 542--542

 []


Underfull \hbox (badness 10000) in paragraph at lines 542--542

 []


Underfull \hbox (badness 10000) in paragraph at lines 542--542

 []



[12 <./data/pixelprose_subset2/images/000004.jpg>]
<data/pixelprose_subset2/images/000005.jpg, id=59, 803.0pt x 803.0pt>
File: data/pixelprose_subset2/images/000005.jpg Graphic file (type jpg)
<use data/pixelprose_subset2/images/000005.jpg>
Package pdftex.def Info: data/pixelprose_subset2/images/000005.jpg  used on input line 554.
(pdftex.def)             Requested size: 187.89914pt x 187.89635pt.

Underfull \hbox (badness 10000) in paragraph at lines 575--575

 []


Underfull \hbox (badness 10000) in paragraph at lines 575--575

 []


Underfull \hbox (badness 10000) in paragraph at lines 575--575

 []


Underfull \hbox (badness 10000) in paragraph at lines 575--575

 []


Underfull \hbox (badness 10000) in paragraph at lines 575--575

 []


LaTeX Warning: Float too large for page by 17.3285pt on input line 579.



[13 <./data/pixelprose_subset2/images/000005.jpg>]
<data/pixelprose_subset2/images/000006.jpg, id=64, 660.4675pt x 1104.125pt>
File: data/pixelprose_subset2/images/000006.jpg Graphic file (type jpg)
<use data/pixelprose_subset2/images/000006.jpg>
Package pdftex.def Info: data/pixelprose_subset2/images/000006.jpg  used on input line 587.
(pdftex.def)             Requested size: 140.92793pt x 235.5964pt.

Underfull \hbox (badness 10000) in paragraph at lines 610--610

 []


Underfull \hbox (badness 10000) in paragraph at lines 610--610

 []


Underfull \hbox (badness 10000) in paragraph at lines 610--610

 []


Underfull \hbox (badness 10000) in paragraph at lines 610--610

 []


Underfull \hbox (badness 10000) in paragraph at lines 610--610

 []


LaTeX Warning: Float too large for page by 24.34172pt on input line 614.



[14 <./data/pixelprose_subset2/images/000006.jpg>]
<data/pixelprose_subset2/images/000007.jpg, id=71, 3035.34pt x 4047.12pt>
File: data/pixelprose_subset2/images/000007.jpg Graphic file (type jpg)
<use data/pixelprose_subset2/images/000007.jpg>
Package pdftex.def Info: data/pixelprose_subset2/images/000007.jpg  used on input line 622.
(pdftex.def)             Requested size: 187.89914pt x 250.47421pt.

Underfull \hbox (badness 10000) in paragraph at lines 643--643

 []


Underfull \hbox (badness 10000) in paragraph at lines 643--643

 []


Underfull \hbox (badness 10000) in paragraph at lines 643--643

 []


Underfull \hbox (badness 10000) in paragraph at lines 643--643

 []


Underfull \hbox (badness 10000) in paragraph at lines 643--643

 []


LaTeX Warning: Float too large for page by 19.46959pt on input line 647.



[15 <./data/pixelprose_subset2/images/000007.jpg>]
File: data/pixelprose_subset2/images/000003.jpg Graphic file (type jpg)
<use data/pixelprose_subset2/images/000003.jpg>
Package pdftex.def Info: data/pixelprose_subset2/images/000003.jpg  used on input line 655.
(pdftex.def)             Requested size: 234.8775pt x 259.23836pt.

Underfull \hbox (badness 10000) in paragraph at lines 676--676

 []


Underfull \hbox (badness 10000) in paragraph at lines 676--676

 []



[16]

[17






]

[18] (./report.bbl)
\pydata@fh@_E98D2F001DA5678B39482EFBDF5770DC.data.minted=\write4
\openout4 = `_E98D2F001DA5678B39482EFBDF5770DC.data.minted'.

runsystem(latexminted config  --timestamp 20251202155649 E98D2F001DA5678B39482EFBDF5770DC)...executed safely (allowed).

 (./_E98D2F001DA5678B39482EFBDF5770DC.config.minted)
runsystem(latexminted cleanconfig  --timestamp 20251202155649 E98D2F001DA5678B39482EFBDF5770DC)...executed safely (allowed).

 (./_minted/default.style.minted) (./_minted/28DB494254466027C396B843E7F8A6D9.highlight.minted
LaTeX Font Info:    Font shape `OT1/cmtt/bx/n' in size <7> not available
(Font)              Font shape `OT1/cmtt/m/n' tried instead on input line 22.


[19]

[20]

[21]

[22]

[23]) (./_minted/D3E013A57D040FE4A245FE57624BC1B2.highlight.minted

[24]

[25]) (./_minted/607960811A416F95EF03EEFF15484EDB.highlight.minted) (./_minted/AA25A36659B8AEBF76BAD810FFED59C6.highlight.minted

[26]

[27]

[28]

[29]

[30]

[31]

[32]) (./_minted/5FA5F28CBDABCE75CD4C11A41B8C0809.highlight.minted

[33]

[34]

[35]

[36]) (./_minted/CB5D27E836EE4B3B85EE1D25FDD12DBC.highlight.minted

[37]

[38]) (./_minted/F9FDD01374B61A3A1DAF5D4F96C451DF.highlight.minted

[39])

[40] (./report.aux)
 ***********
LaTeX2e <2024-11-01> patch level 2
L3 programming layer <2025-01-18>
 ***********


LaTeX Font Warning: Some font shapes were not available, defaults substituted.

 ) 
Here is how much of TeX's memory you used:
 11262 strings out of 473190
 249726 string characters out of 5722592
 796153 words of memory out of 5000000
 34370 multiletter control sequences out of 15000+600000
 567523 words of font info for 67 fonts, out of 8000000 for 9000
 1141 hyphenation exceptions out of 8191
 85i,9n,93p,1008b,1762s stack positions out of 10000i,1000n,20000p,200000b,200000s
</usr/share/texmf-dist/fonts/type1/public/amsfonts/cm/cmbx10.pfb></usr/share/texmf-dist/fonts/type1/public/amsfonts/cm/cmbx12.pfb></usr/share/texmf-dist/fonts/type1/public/amsfonts/cm/cmbx8.pfb></usr/share/texmf-dist/fonts/type1/public/amsfonts/cm/cmbx9.pfb></usr/share/texmf-dist/fonts/type1/public/amsfonts/cm/cmitt10.pfb></usr/share/texmf-dist/fonts/type1/public/amsfonts/cm/cmmi10.pfb></usr/share/texmf-dist/fonts/type1/public/amsfonts/cm/cmmi5.pfb></usr/share/texmf-dist/fonts/type1/public/amsfonts/cm/cmr10.pfb></usr/share/texmf-dist/fonts/type1/public/amsfonts/cm/cmr12.pfb></usr/share/texmf-dist/fonts/type1/public/amsfonts/cm/cmr17.pfb></usr/share/texmf-dist/fonts/type1/public/amsfonts/cm/cmr5.pfb></usr/share/texmf-dist/fonts/type1/public/amsfonts/cm/cmr7.pfb></usr/share/texmf-dist/fonts/type1/public/amsfonts/cm/cmr8.pfb></usr/share/texmf-dist/fonts/type1/public/amsfonts/cm/cmr9.pfb></usr/share/texmf-dist/fonts/type1/public/amsfonts/cm/cmsy10.pfb></usr/share/texmf-dist/fonts/type1/public/amsfonts/cm/cmsy5.pfb></usr/share/texmf-dist/fonts/type1/public/amsfonts/cm/cmti10.pfb></usr/share/texmf-dist/fonts/type1/public/amsfonts/cm/cmti8.pfb></usr/share/texmf-dist/fonts/type1/public/amsfonts/cm/cmti9.pfb></usr/share/texmf-dist/fonts/type1/public/amsfonts/cm/cmtt10.pfb></usr/share/texmf-dist/fonts/type1/public/amsfonts/cm/cmtt8.pfb></usr/share/texmf-dist/fonts/type1/public/cm-super/sfrm0900.pfb></usr/share/texmf-dist/fonts/type1/public/cm-super/sfrm1000.pfb>
Output written on report.pdf (40 pages, 1967284 bytes).
PDF statistics:
 259 PDF objects out of 1000 (max. 8388607)
 161 compressed objects within 2 object streams
 0 named destinations out of 1000 (max. 500000)
 41 words of extra memory for PDF output out of 10000 (max. 10000000)

